<?xml version="1.0" encoding="UTF-8"?>
<!-- Generated by org.testng.reporters.JUnitReportReporter -->
<testsuite hostname="Aravindh-PC" failures="0" tests="4" name="com.datadriven.test.Yahootest" time="40.149" errors="0" timestamp="01 Apr 2019 03:21:21 GMT" skipped="0">
  <testcase classname="com.datadriven.test.Yahootest" name="yahooregpagetest" time="11.324"/>
  <testcase classname="com.datadriven.test.Yahootest" name="yahooregpagetest" time="9.261"/>
  <testcase classname="com.datadriven.test.Yahootest" name="yahooregpagetest" time="9.423"/>
  <testcase classname="com.datadriven.test.Yahootest" name="yahooregpagetest" time="10.141"/>
</testsuite> <!-- com.datadriven.test.Yahootest -->
