<?xml version="1.0" encoding="UTF-8"?>
<!-- Generated by org.testng.reporters.JUnitReportReporter -->
<testsuite hostname="Aravindh-PC" failures="0" tests="1" name="com.parameters.ParameterTest" time="16.338" errors="0" timestamp="04 Apr 2019 01:19:51 GMT" skipped="0">
  <testcase classname="com.parameters.ParameterTest" name="yahootestlogin" time="16.338"/>
</testsuite> <!-- com.parameters.ParameterTest -->
