<?xml version="1.0" encoding="UTF-8"?>
<!-- Generated by org.testng.reporters.JUnitReportReporter -->
<testsuite hostname="Aravindh-PC" failures="0" tests="3" name="com.testng.TestngBasics" time="0.025" errors="0" timestamp="04 Apr 2019 01:57:08 GMT" skipped="1">
  <testcase classname="com.testng.TestngBasics" name="googlelogotest" time="0.010"/>
  <testcase classname="com.testng.TestngBasics" name="googletitletest" time="0.015"/>
  <testcase classname="com.testng.TestngBasics" name="searchTest">
    <skipped/>
  </testcase> <!-- searchTest -->
</testsuite> <!-- com.testng.TestngBasics -->
