<?xml version="1.0" encoding="UTF-8"?>
<!-- Generated by org.testng.reporters.JUnitReportReporter -->
<testsuite hostname="Aravindh-PC" failures="0" tests="1" name="com.parameters.XmlDemo" time="0.023" errors="0" timestamp="01 Apr 2019 13:20:19 GMT" skipped="0">
  <testcase classname="com.parameters.XmlDemo" name="testng" time="0.023"/>
</testsuite> <!-- com.parameters.XmlDemo -->
