<?xml version="1.0" encoding="UTF-8"?>
<!-- Generated by org.testng.reporters.JUnitReportReporter -->
<testsuite hostname="Aravindh-PC" failures="0" tests="10" name="com.testng.InvocationCountTest" time="0.046" errors="0" timestamp="04 Apr 2019 01:57:08 GMT" skipped="0">
  <testcase classname="com.testng.InvocationCountTest" name="sum" time="0.002"/>
  <testcase classname="com.testng.InvocationCountTest" name="sum" time="0.002"/>
  <testcase classname="com.testng.InvocationCountTest" name="sum" time="0.012"/>
  <testcase classname="com.testng.InvocationCountTest" name="sum" time="0.002"/>
  <testcase classname="com.testng.InvocationCountTest" name="sum" time="0.008"/>
  <testcase classname="com.testng.InvocationCountTest" name="sum" time="0.001"/>
  <testcase classname="com.testng.InvocationCountTest" name="sum" time="0.003"/>
  <testcase classname="com.testng.InvocationCountTest" name="sum" time="0.006"/>
  <testcase classname="com.testng.InvocationCountTest" name="sum" time="0.001"/>
  <testcase classname="com.testng.InvocationCountTest" name="sum" time="0.009"/>
</testsuite> <!-- com.testng.InvocationCountTest -->
